# JRE version: OpenJDK Runtime Environment (8.0_202-b03) (build 1.8.0_202-release-1483-b03)
# Java VM: OpenJDK 64-Bit Server VM (25.202-b03 mixed mode windows-amd64 compressed oops)
Heap:
 PSYoungGen      total 61440K, used 22607K [0x00000000d5e00000, 0x00000000dbd80000, 0x0000000100000000)
  eden space 56320K, 40% used [0x00000000d5e00000,0x00000000d7413cd8,0x00000000d9500000)
  from space 5120K, 0% used [0x00000000da400000,0x00000000da400000,0x00000000da900000)
  to   space 15360K, 0% used [0x00000000d9500000,0x00000000d9500000,0x00000000da400000)
 ParOldGen       total 65536K, used 17301K [0x0000000081a00000, 0x0000000085a00000, 0x00000000d5e00000)
  object space 65536K, 26% used [0x0000000081a00000,0x0000000082ae54d0,0x0000000085a00000)
 Metaspace       used 39008K, capacity 39674K, committed 40064K, reserved 1083392K
  class space    used 5007K, capacity 5193K, committed 5248K, reserved 1048576K
GC Heap History (10 events):
Event: 2.608 GC heap before
{Heap before GC invocations=4 (full 1):
 PSYoungGen      total 38400K, used 5092K [0x00000000d5e00000, 0x00000000da900000, 0x0000000100000000)
  eden space 33280K, 0% used [0x00000000d5e00000,0x00000000d5e00000,0x00000000d7e80000)
  from space 5120K, 99% used [0x00000000d7e80000,0x00000000d8379168,0x00000000d8380000)
  to   space 5120K, 0% used [0x00000000da400000,0x00000000da400000,0x00000000da900000)
 ParOldGen       total 87552K, used 11474K [0x0000000081a00000, 0x0000000086f80000, 0x00000000d5e00000)
  object space 87552K, 13% used [0x0000000081a00000,0x0000000082534888,0x0000000086f80000)
 Metaspace       used 20737K, capacity 21168K, committed 21296K, reserved 1067008K
  class space    used 2717K, capacity 2872K, committed 2944K, reserved 1048576K
Event: 2.657 GC heap after
Heap after GC invocations=4 (full 1):
 PSYoungGen      total 38400K, used 0K [0x00000000d5e00000, 0x00000000da900000, 0x0000000100000000)
  eden space 33280K, 0% used [0x00000000d5e00000,0x00000000d5e00000,0x00000000d7e80000)
  from space 5120K, 0% used [0x00000000d7e80000,0x00000000d7e80000,0x00000000d8380000)
  to   space 5120K, 0% used [0x00000000da400000,0x00000000da400000,0x00000000da900000)
 ParOldGen       total 65536K, used 8542K [0x0000000081a00000, 0x0000000085a00000, 0x00000000d5e00000)
  object space 65536K, 13% used [0x0000000081a00000,0x00000000822579a0,0x0000000085a00000)
 Metaspace       used 20737K, capacity 21168K, committed 21296K, reserved 1067008K
  class space    used 2717K, capacity 2872K, committed 2944K, reserved 1048576K
}
Event: 3.423 GC heap before
{Heap before GC invocations=5 (full 1):
 PSYoungGen      total 38400K, used 33280K [0x00000000d5e00000, 0x00000000da900000, 0x0000000100000000)
  eden space 33280K, 100% used [0x00000000d5e00000,0x00000000d7e80000,0x00000000d7e80000)
  from space 5120K, 0% used [0x00000000d7e80000,0x00000000d7e80000,0x00000000d8380000)
  to   space 5120K, 0% used [0x00000000da400000,0x00000000da400000,0x00000000da900000)
 ParOldGen       total 65536K, used 8542K [0x0000000081a00000, 0x0000000085a00000, 0x00000000d5e00000)
  object space 65536K, 13% used [0x0000000081a00000,0x00000000822579a0,0x0000000085a00000)
 Metaspace       used 24605K, capacity 25114K, committed 25216K, reserved 1071104K
  class space    used 3232K, capacity 3382K, committed 3456K, reserved 1048576K
Event: 3.432 GC heap after
Heap after GC invocations=5 (full 1):
 PSYoungGen      total 52736K, used 5103K [0x00000000d5e00000, 0x00000000da900000, 0x0000000100000000)
  eden space 47616K, 0% used [0x00000000d5e00000,0x00000000d5e00000,0x00000000d8c80000)
  from space 5120K, 99% used [0x00000000da400000,0x00000000da8fbd60,0x00000000da900000)
  to   space 5120K, 0% used [0x00000000d9f00000,0x00000000d9f00000,0x00000000da400000)
 ParOldGen       total 65536K, used 10831K [0x0000000081a00000, 0x0000000085a00000, 0x00000000d5e00000)
  object space 65536K, 16% used [0x0000000081a00000,0x0000000082493ea0,0x0000000085a00000)
 Metaspace       used 24605K, capacity 25114K, committed 25216K, reserved 1071104K
  class space    used 3232K, capacity 3382K, committed 3456K, reserved 1048576K
}
Event: 4.749 GC heap before
{Heap before GC invocations=6 (full 1):
 PSYoungGen      total 52736K, used 52719K [0x00000000d5e00000, 0x00000000da900000, 0x0000000100000000)
  eden space 47616K, 100% used [0x00000000d5e00000,0x00000000d8c80000,0x00000000d8c80000)
  from space 5120K, 99% used [0x00000000da400000,0x00000000da8fbd60,0x00000000da900000)
  to   space 5120K, 0% used [0x00000000d9f00000,0x00000000d9f00000,0x00000000da400000)
 ParOldGen       total 65536K, used 10831K [0x0000000081a00000, 0x0000000085a00000, 0x00000000d5e00000)
  object space 65536K, 16% used [0x0000000081a00000,0x0000000082493ea0,0x0000000085a00000)
 Metaspace       used 32420K, capacity 32930K, committed 33280K, reserved 1079296K
  class space    used 4148K, capacity 4287K, committed 4352K, reserved 1048576K
Event: 4.769 GC heap after
Heap after GC invocations=6 (full 1):
 PSYoungGen      total 52736K, used 5090K [0x00000000d5e00000, 0x00000000da900000, 0x0000000100000000)
  eden space 47616K, 0% used [0x00000000d5e00000,0x00000000d5e00000,0x00000000d8c80000)
  from space 5120K, 99% used [0x00000000d9f00000,0x00000000da3f8918,0x00000000da400000)
  to   space 5120K, 0% used [0x00000000da400000,0x00000000da400000,0x00000000da900000)
 ParOldGen       total 65536K, used 22767K [0x0000000081a00000, 0x0000000085a00000, 0x00000000d5e00000)
  object space 65536K, 34% used [0x0000000081a00000,0x000000008303bc80,0x0000000085a00000)
 Metaspace       used 32420K, capacity 32930K, committed 33280K, reserved 1079296K
  class space    used 4148K, capacity 4287K, committed 4352K, reserved 1048576K
}
Event: 5.971 GC heap before
{Heap before GC invocations=7 (full 1):
 PSYoungGen      total 52736K, used 17616K [0x00000000d5e00000, 0x00000000da900000, 0x0000000100000000)
  eden space 47616K, 26% used [0x00000000d5e00000,0x00000000d6a3b8c0,0x00000000d8c80000)
  from space 5120K, 99% used [0x00000000d9f00000,0x00000000da3f8918,0x00000000da400000)
  to   space 5120K, 0% used [0x00000000da400000,0x00000000da400000,0x00000000da900000)
 ParOldGen       total 65536K, used 22767K [0x0000000081a00000, 0x0000000085a00000, 0x00000000d5e00000)
  object space 65536K, 34% used [0x0000000081a00000,0x000000008303bc80,0x0000000085a00000)
 Metaspace       used 34818K, capacity 35370K, committed 35496K, reserved 1081344K
  class space    used 4425K, capacity 4569K, committed 4608K, reserved 1048576K
Event: 5.982 GC heap after
Heap after GC invocations=7 (full 1):
 PSYoungGen      total 61440K, used 5119K [0x00000000d5e00000, 0x00000000dbd80000, 0x0000000100000000)
  eden space 56320K, 0% used [0x00000000d5e00000,0x00000000d5e00000,0x00000000d9500000)
  from space 5120K, 99% used [0x00000000da400000,0x00000000da8fff10,0x00000000da900000)
  to   space 15360K, 0% used [0x00000000d9500000,0x00000000d9500000,0x00000000da400000)
 ParOldGen       total 65536K, used 25968K [0x0000000081a00000, 0x0000000085a00000, 0x00000000d5e00000)
  object space 65536K, 39% used [0x0000000081a00000,0x000000008335c138,0x0000000085a00000)
 Metaspace       used 34818K, capacity 35370K, committed 35496K, reserved 1081344K
  class space    used 4425K, capacity 4569K, committed 4608K, reserved 1048576K
}
Event: 5.983 GC heap before
{Heap before GC invocations=8 (full 2):
 PSYoungGen      total 61440K, used 5119K [0x00000000d5e00000, 0x00000000dbd80000, 0x0000000100000000)
  eden space 56320K, 0% used [0x00000000d5e00000,0x00000000d5e00000,0x00000000d9500000)
  from space 5120K, 99% used [0x00000000da400000,0x00000000da8fff10,0x00000000da900000)
  to   space 15360K, 0% used [0x00000000d9500000,0x00000000d9500000,0x00000000da400000)
 ParOldGen       total 65536K, used 25968K [0x0000000081a00000, 0x0000000085a00000, 0x00000000d5e00000)
  object space 65536K, 39% used [0x0000000081a00000,0x000000008335c138,0x0000000085a00000)
 Metaspace       used 34818K, capacity 35370K, committed 35496K, reserved 1081344K
  class space    used 4425K, capacity 4569K, committed 4608K, reserved 1048576K
Event: 6.092 GC heap after
Heap after GC invocations=8 (full 2):
 PSYoungGen      total 61440K, used 0K [0x00000000d5e00000, 0x00000000dbd80000, 0x0000000100000000)
  eden space 56320K, 0% used [0x00000000d5e00000,0x00000000d5e00000,0x00000000d9500000)
  from space 5120K, 0% used [0x00000000da400000,0x00000000da400000,0x00000000da900000)
  to   space 15360K, 0% used [0x00000000d9500000,0x00000000d9500000,0x00000000da400000)
 ParOldGen       total 65536K, used 17301K [0x0000000081a00000, 0x0000000085a00000, 0x00000000d5e00000)
  object space 65536K, 26% used [0x0000000081a00000,0x0000000082ae54d0,0x0000000085a00000)
 Metaspace       used 34818K, capacity 35370K, committed 35496K, reserved 1081344K
  class space    used 4425K, capacity 4569K, committed 4608K, reserved 1048576K
}

