# JRE version: OpenJDK Runtime Environment (8.0_202-b03) (build 1.8.0_202-release-1483-b03)
# Java VM: OpenJDK 64-Bit Server VM (25.202-b03 mixed mode windows-amd64 compressed oops)
Heap:
 PSYoungGen      total 278016K, used 65007K [0x00000000e0000000, 0x00000000f2880000, 0x0000000100000000)
  eden space 252416K, 22% used [0x00000000e0000000,0x00000000e36ffd98,0x00000000ef680000)
  from space 25600K, 33% used [0x00000000ef680000,0x00000000efefc040,0x00000000f0f80000)
  to   space 24576K, 0% used [0x00000000f1080000,0x00000000f1080000,0x00000000f2880000)
 ParOldGen       total 143872K, used 48933K [0x00000000a0000000, 0x00000000a8c80000, 0x00000000e0000000)
  object space 143872K, 34% used [0x00000000a0000000,0x00000000a2fc9600,0x00000000a8c80000)
 Metaspace       used 103668K, capacity 110574K, committed 111252K, reserved 1146880K
  class space    used 12974K, capacity 14118K, committed 14268K, reserved 1048576K
GC Heap History (10 events):
Event: 8198.965 GC heap before
{Heap before GC invocations=140 (full 5):
 PSYoungGen      total 271872K, used 261158K [0x00000000e0000000, 0x00000000f2180000, 0x0000000100000000)
  eden space 248320K, 100% used [0x00000000e0000000,0x00000000ef280000,0x00000000ef280000)
  from space 23552K, 54% used [0x00000000f0a80000,0x00000000f1709970,0x00000000f2180000)
  to   space 24064K, 0% used [0x00000000ef280000,0x00000000ef280000,0x00000000f0a00000)
 ParOldGen       total 143872K, used 45005K [0x00000000a0000000, 0x00000000a8c80000, 0x00000000e0000000)
  object space 143872K, 31% used [0x00000000a0000000,0x00000000a2bf34f0,0x00000000a8c80000)
 Metaspace       used 103343K, capacity 110172K, committed 110996K, reserved 1146880K
  class space    used 12940K, capacity 14085K, committed 14268K, reserved 1048576K
Event: 8198.986 GC heap after
Heap after GC invocations=140 (full 5):
 PSYoungGen      total 272384K, used 10189K [0x00000000e0000000, 0x00000000f2480000, 0x0000000100000000)
  eden space 248320K, 0% used [0x00000000e0000000,0x00000000e0000000,0x00000000ef280000)
  from space 24064K, 42% used [0x00000000ef280000,0x00000000efc73718,0x00000000f0a00000)
  to   space 24064K, 0% used [0x00000000f0d00000,0x00000000f0d00000,0x00000000f2480000)
 ParOldGen       total 143872K, used 47079K [0x00000000a0000000, 0x00000000a8c80000, 0x00000000e0000000)
  object space 143872K, 32% used [0x00000000a0000000,0x00000000a2df9e60,0x00000000a8c80000)
 Metaspace       used 103343K, capacity 110172K, committed 110996K, reserved 1146880K
  class space    used 12940K, capacity 14085K, committed 14268K, reserved 1048576K
}
Event: 8254.917 GC heap before
{Heap before GC invocations=141 (full 5):
 PSYoungGen      total 272384K, used 258509K [0x00000000e0000000, 0x00000000f2480000, 0x0000000100000000)
  eden space 248320K, 100% used [0x00000000e0000000,0x00000000ef280000,0x00000000ef280000)
  from space 24064K, 42% used [0x00000000ef280000,0x00000000efc73718,0x00000000f0a00000)
  to   space 24064K, 0% used [0x00000000f0d00000,0x00000000f0d00000,0x00000000f2480000)
 ParOldGen       total 143872K, used 47079K [0x00000000a0000000, 0x00000000a8c80000, 0x00000000e0000000)
  object space 143872K, 32% used [0x00000000a0000000,0x00000000a2df9e60,0x00000000a8c80000)
 Metaspace       used 103380K, capacity 110220K, committed 110996K, reserved 1146880K
  class space    used 12944K, capacity 14093K, committed 14268K, reserved 1048576K
Event: 8254.932 GC heap after
Heap after GC invocations=141 (full 5):
 PSYoungGen      total 274944K, used 6317K [0x00000000e0000000, 0x00000000f2500000, 0x0000000100000000)
  eden space 250880K, 0% used [0x00000000e0000000,0x00000000e0000000,0x00000000ef500000)
  from space 24064K, 26% used [0x00000000f0d00000,0x00000000f132b6f8,0x00000000f2480000)
  to   space 24576K, 0% used [0x00000000ef500000,0x00000000ef500000,0x00000000f0d00000)
 ParOldGen       total 143872K, used 48535K [0x00000000a0000000, 0x00000000a8c80000, 0x00000000e0000000)
  object space 143872K, 33% used [0x00000000a0000000,0x00000000a2f65f28,0x00000000a8c80000)
 Metaspace       used 103380K, capacity 110220K, committed 110996K, reserved 1146880K
  class space    used 12944K, capacity 14093K, committed 14268K, reserved 1048576K
}
Event: 8683.438 GC heap before
{Heap before GC invocations=142 (full 5):
 PSYoungGen      total 274944K, used 257197K [0x00000000e0000000, 0x00000000f2500000, 0x0000000100000000)
  eden space 250880K, 100% used [0x00000000e0000000,0x00000000ef500000,0x00000000ef500000)
  from space 24064K, 26% used [0x00000000f0d00000,0x00000000f132b6f8,0x00000000f2480000)
  to   space 24576K, 0% used [0x00000000ef500000,0x00000000ef500000,0x00000000f0d00000)
 ParOldGen       total 143872K, used 48535K [0x00000000a0000000, 0x00000000a8c80000, 0x00000000e0000000)
  object space 143872K, 33% used [0x00000000a0000000,0x00000000a2f65f28,0x00000000a8c80000)
 Metaspace       used 103424K, capacity 110228K, committed 110996K, reserved 1146880K
  class space    used 12944K, capacity 14093K, committed 14268K, reserved 1048576K
Event: 8683.457 GC heap after
Heap after GC invocations=142 (full 5):
 PSYoungGen      total 275456K, used 3616K [0x00000000e0000000, 0x00000000f2800000, 0x0000000100000000)
  eden space 250880K, 0% used [0x00000000e0000000,0x00000000e0000000,0x00000000ef500000)
  from space 24576K, 14% used [0x00000000ef500000,0x00000000ef888020,0x00000000f0d00000)
  to   space 25088K, 0% used [0x00000000f0f80000,0x00000000f0f80000,0x00000000f2800000)
 ParOldGen       total 143872K, used 48781K [0x00000000a0000000, 0x00000000a8c80000, 0x00000000e0000000)
  object space 143872K, 33% used [0x00000000a0000000,0x00000000a2fa35f0,0x00000000a8c80000)
 Metaspace       used 103424K, capacity 110228K, committed 110996K, reserved 1146880K
  class space    used 12944K, capacity 14093K, committed 14268K, reserved 1048576K
}
Event: 8700.103 GC heap before
{Heap before GC invocations=143 (full 5):
 PSYoungGen      total 275456K, used 254496K [0x00000000e0000000, 0x00000000f2800000, 0x0000000100000000)
  eden space 250880K, 100% used [0x00000000e0000000,0x00000000ef500000,0x00000000ef500000)
  from space 24576K, 14% used [0x00000000ef500000,0x00000000ef888020,0x00000000f0d00000)
  to   space 25088K, 0% used [0x00000000f0f80000,0x00000000f0f80000,0x00000000f2800000)
 ParOldGen       total 143872K, used 48781K [0x00000000a0000000, 0x00000000a8c80000, 0x00000000e0000000)
  object space 143872K, 33% used [0x00000000a0000000,0x00000000a2fa35f0,0x00000000a8c80000)
 Metaspace       used 103435K, capacity 110228K, committed 110996K, reserved 1146880K
  class space    used 12944K, capacity 14093K, committed 14268K, reserved 1048576K
Event: 8700.113 GC heap after
Heap after GC invocations=143 (full 5):
 PSYoungGen      total 277504K, used 2560K [0x00000000e0000000, 0x00000000f2980000, 0x0000000100000000)
  eden space 252416K, 0% used [0x00000000e0000000,0x00000000e0000000,0x00000000ef680000)
  from space 25088K, 10% used [0x00000000f0f80000,0x00000000f1200030,0x00000000f2800000)
  to   space 25600K, 0% used [0x00000000ef680000,0x00000000ef680000,0x00000000f0f80000)
 ParOldGen       total 143872K, used 48901K [0x00000000a0000000, 0x00000000a8c80000, 0x00000000e0000000)
  object space 143872K, 33% used [0x00000000a0000000,0x00000000a2fc1600,0x00000000a8c80000)
 Metaspace       used 103435K, capacity 110228K, committed 110996K, reserved 1146880K
  class space    used 12944K, capacity 14093K, committed 14268K, reserved 1048576K
}
Event: 8795.805 GC heap before
{Heap before GC invocations=144 (full 5):
 PSYoungGen      total 277504K, used 254976K [0x00000000e0000000, 0x00000000f2980000, 0x0000000100000000)
  eden space 252416K, 100% used [0x00000000e0000000,0x00000000ef680000,0x00000000ef680000)
  from space 25088K, 10% used [0x00000000f0f80000,0x00000000f1200030,0x00000000f2800000)
  to   space 25600K, 0% used [0x00000000ef680000,0x00000000ef680000,0x00000000f0f80000)
 ParOldGen       total 143872K, used 48901K [0x00000000a0000000, 0x00000000a8c80000, 0x00000000e0000000)
  object space 143872K, 33% used [0x00000000a0000000,0x00000000a2fc1600,0x00000000a8c80000)
 Metaspace       used 103656K, capacity 110568K, committed 111252K, reserved 1146880K
  class space    used 12972K, capacity 14117K, committed 14268K, reserved 1048576K
Event: 8795.823 GC heap after
Heap after GC invocations=144 (full 5):
 PSYoungGen      total 278016K, used 8688K [0x00000000e0000000, 0x00000000f2880000, 0x0000000100000000)
  eden space 252416K, 0% used [0x00000000e0000000,0x00000000e0000000,0x00000000ef680000)
  from space 25600K, 33% used [0x00000000ef680000,0x00000000efefc040,0x00000000f0f80000)
  to   space 24576K, 0% used [0x00000000f1080000,0x00000000f1080000,0x00000000f2880000)
 ParOldGen       total 143872K, used 48933K [0x00000000a0000000, 0x00000000a8c80000, 0x00000000e0000000)
  object space 143872K, 34% used [0x00000000a0000000,0x00000000a2fc9600,0x00000000a8c80000)
 Metaspace       used 103656K, capacity 110568K, committed 111252K, reserved 1146880K
  class space    used 12972K, capacity 14117K, committed 14268K, reserved 1048576K
}

