# JRE version: OpenJDK Runtime Environment (8.0_202-b03) (build 1.8.0_202-release-1483-b03)
# Java VM: OpenJDK 64-Bit Server VM (25.202-b03 mixed mode windows-amd64 compressed oops)
Heap:
 PSYoungGen      total 297984K, used 169696K [0x00000000e0000000, 0x00000000f7380000, 0x0000000100000000)
  eden space 230400K, 48% used [0x00000000e0000000,0x00000000e6daaee8,0x00000000ee100000)
  from space 67584K, 84% used [0x00000000ee100000,0x00000000f190d278,0x00000000f2300000)
  to   space 64512K, 0% used [0x00000000f2300000,0x00000000f2300000,0x00000000f6200000)
 ParOldGen       total 276992K, used 156424K [0x00000000a0000000, 0x00000000b0e80000, 0x00000000e0000000)
  object space 276992K, 56% used [0x00000000a0000000,0x00000000a98c2318,0x00000000b0e80000)
 Metaspace       used 122574K, capacity 129168K, committed 129496K, reserved 1161216K
  class space    used 15838K, capacity 17030K, committed 17152K, reserved 1048576K
GC Heap History (10 events):
Event: 2452.326 GC heap before
{Heap before GC invocations=49 (full 4):
 PSYoungGen      total 258560K, used 250741K [0x00000000e0000000, 0x00000000f3480000, 0x0000000100000000)
  eden space 216064K, 100% used [0x00000000e0000000,0x00000000ed300000,0x00000000ed300000)
  from space 42496K, 81% used [0x00000000f0080000,0x00000000f225d6b8,0x00000000f2a00000)
  to   space 46592K, 0% used [0x00000000ed300000,0x00000000ed300000,0x00000000f0080000)
 ParOldGen       total 276992K, used 155041K [0x00000000a0000000, 0x00000000b0e80000, 0x00000000e0000000)
  object space 276992K, 55% used [0x00000000a0000000,0x00000000a9768418,0x00000000b0e80000)
 Metaspace       used 117185K, capacity 123352K, committed 123608K, reserved 1157120K
  class space    used 15181K, capacity 16272K, committed 16384K, reserved 1048576K
Event: 2452.362 GC heap after
Heap after GC invocations=49 (full 4):
 PSYoungGen      total 262656K, used 42228K [0x00000000e0000000, 0x00000000f4300000, 0x0000000100000000)
  eden space 216064K, 0% used [0x00000000e0000000,0x00000000e0000000,0x00000000ed300000)
  from space 46592K, 90% used [0x00000000ed300000,0x00000000efc3d248,0x00000000f0080000)
  to   space 52736K, 0% used [0x00000000f0f80000,0x00000000f0f80000,0x00000000f4300000)
 ParOldGen       total 276992K, used 155049K [0x00000000a0000000, 0x00000000b0e80000, 0x00000000e0000000)
  object space 276992K, 55% used [0x00000000a0000000,0x00000000a976a418,0x00000000b0e80000)
 Metaspace       used 117185K, capacity 123352K, committed 123608K, reserved 1157120K
  class space    used 15181K, capacity 16272K, committed 16384K, reserved 1048576K
}
Event: 2455.691 GC heap before
{Heap before GC invocations=50 (full 4):
 PSYoungGen      total 262656K, used 258292K [0x00000000e0000000, 0x00000000f4300000, 0x0000000100000000)
  eden space 216064K, 100% used [0x00000000e0000000,0x00000000ed300000,0x00000000ed300000)
  from space 46592K, 90% used [0x00000000ed300000,0x00000000efc3d248,0x00000000f0080000)
  to   space 52736K, 0% used [0x00000000f0f80000,0x00000000f0f80000,0x00000000f4300000)
 ParOldGen       total 276992K, used 155049K [0x00000000a0000000, 0x00000000b0e80000, 0x00000000e0000000)
  object space 276992K, 55% used [0x00000000a0000000,0x00000000a976a418,0x00000000b0e80000)
 Metaspace       used 118083K, capacity 124278K, committed 124376K, reserved 1157120K
  class space    used 15243K, capacity 16353K, committed 16384K, reserved 1048576K
Event: 2455.735 GC heap after
Heap after GC invocations=50 (full 4):
 PSYoungGen      total 272384K, used 44527K [0x00000000e0000000, 0x00000000f5100000, 0x0000000100000000)
  eden space 219648K, 0% used [0x00000000e0000000,0x00000000e0000000,0x00000000ed680000)
  from space 52736K, 84% used [0x00000000f0f80000,0x00000000f3afbc68,0x00000000f4300000)
  to   space 58368K, 0% used [0x00000000ed680000,0x00000000ed680000,0x00000000f0f80000)
 ParOldGen       total 276992K, used 155057K [0x00000000a0000000, 0x00000000b0e80000, 0x00000000e0000000)
  object space 276992K, 55% used [0x00000000a0000000,0x00000000a976c418,0x00000000b0e80000)
 Metaspace       used 118083K, capacity 124278K, committed 124376K, reserved 1157120K
  class space    used 15243K, capacity 16353K, committed 16384K, reserved 1048576K
}
Event: 2458.613 GC heap before
{Heap before GC invocations=51 (full 4):
 PSYoungGen      total 272384K, used 264175K [0x00000000e0000000, 0x00000000f5100000, 0x0000000100000000)
  eden space 219648K, 100% used [0x00000000e0000000,0x00000000ed680000,0x00000000ed680000)
  from space 52736K, 84% used [0x00000000f0f80000,0x00000000f3afbc68,0x00000000f4300000)
  to   space 58368K, 0% used [0x00000000ed680000,0x00000000ed680000,0x00000000f0f80000)
 ParOldGen       total 276992K, used 155057K [0x00000000a0000000, 0x00000000b0e80000, 0x00000000e0000000)
  object space 276992K, 55% used [0x00000000a0000000,0x00000000a976c418,0x00000000b0e80000)
 Metaspace       used 118489K, capacity 124672K, committed 125016K, reserved 1157120K
  class space    used 15284K, capacity 16418K, committed 16512K, reserved 1048576K
Event: 2458.644 GC heap after
Heap after GC invocations=51 (full 4):
 PSYoungGen      total 278016K, used 48123K [0x00000000e0000000, 0x00000000f6200000, 0x0000000100000000)
  eden space 219648K, 0% used [0x00000000e0000000,0x00000000e0000000,0x00000000ed680000)
  from space 58368K, 82% used [0x00000000ed680000,0x00000000f057ec70,0x00000000f0f80000)
  to   space 64512K, 0% used [0x00000000f2300000,0x00000000f2300000,0x00000000f6200000)
 ParOldGen       total 276992K, used 155065K [0x00000000a0000000, 0x00000000b0e80000, 0x00000000e0000000)
  object space 276992K, 55% used [0x00000000a0000000,0x00000000a976e418,0x00000000b0e80000)
 Metaspace       used 118489K, capacity 124672K, committed 125016K, reserved 1157120K
  class space    used 15284K, capacity 16418K, committed 16512K, reserved 1048576K
}
Event: 2459.245 GC heap before
{Heap before GC invocations=52 (full 4):
 PSYoungGen      total 278016K, used 267771K [0x00000000e0000000, 0x00000000f6200000, 0x0000000100000000)
  eden space 219648K, 100% used [0x00000000e0000000,0x00000000ed680000,0x00000000ed680000)
  from space 58368K, 82% used [0x00000000ed680000,0x00000000f057ec70,0x00000000f0f80000)
  to   space 64512K, 0% used [0x00000000f2300000,0x00000000f2300000,0x00000000f6200000)
 ParOldGen       total 276992K, used 155065K [0x00000000a0000000, 0x00000000b0e80000, 0x00000000e0000000)
  object space 276992K, 55% used [0x00000000a0000000,0x00000000a976e418,0x00000000b0e80000)
 Metaspace       used 118545K, capacity 124736K, committed 125016K, reserved 1157120K
  class space    used 15284K, capacity 16418K, committed 16512K, reserved 1048576K
Event: 2459.285 GC heap after
Heap after GC invocations=52 (full 4):
 PSYoungGen      total 294912K, used 44396K [0x00000000e0000000, 0x00000000f7380000, 0x0000000100000000)
  eden space 230400K, 0% used [0x00000000e0000000,0x00000000e0000000,0x00000000ee100000)
  from space 64512K, 68% used [0x00000000f2300000,0x00000000f4e5b3b0,0x00000000f6200000)
  to   space 67584K, 0% used [0x00000000ee100000,0x00000000ee100000,0x00000000f2300000)
 ParOldGen       total 276992K, used 155073K [0x00000000a0000000, 0x00000000b0e80000, 0x00000000e0000000)
  object space 276992K, 55% used [0x00000000a0000000,0x00000000a9770418,0x00000000b0e80000)
 Metaspace       used 118545K, capacity 124736K, committed 125016K, reserved 1157120K
  class space    used 15284K, capacity 16418K, committed 16512K, reserved 1048576K
}
Event: 2468.471 GC heap before
{Heap before GC invocations=53 (full 4):
 PSYoungGen      total 294912K, used 274796K [0x00000000e0000000, 0x00000000f7380000, 0x0000000100000000)
  eden space 230400K, 100% used [0x00000000e0000000,0x00000000ee100000,0x00000000ee100000)
  from space 64512K, 68% used [0x00000000f2300000,0x00000000f4e5b3b0,0x00000000f6200000)
  to   space 67584K, 0% used [0x00000000ee100000,0x00000000ee100000,0x00000000f2300000)
 ParOldGen       total 276992K, used 155073K [0x00000000a0000000, 0x00000000b0e80000, 0x00000000e0000000)
  object space 276992K, 55% used [0x00000000a0000000,0x00000000a9770418,0x00000000b0e80000)
 Metaspace       used 122569K, capacity 129168K, committed 129496K, reserved 1161216K
  class space    used 15838K, capacity 17030K, committed 17152K, reserved 1048576K
Event: 2468.526 GC heap after
Heap after GC invocations=53 (full 4):
 PSYoungGen      total 297984K, used 57396K [0x00000000e0000000, 0x00000000f7380000, 0x0000000100000000)
  eden space 230400K, 0% used [0x00000000e0000000,0x00000000e0000000,0x00000000ee100000)
  from space 67584K, 84% used [0x00000000ee100000,0x00000000f190d278,0x00000000f2300000)
  to   space 64512K, 0% used [0x00000000f2300000,0x00000000f2300000,0x00000000f6200000)
 ParOldGen       total 276992K, used 156424K [0x00000000a0000000, 0x00000000b0e80000, 0x00000000e0000000)
  object space 276992K, 56% used [0x00000000a0000000,0x00000000a98c2318,0x00000000b0e80000)
 Metaspace       used 122569K, capacity 129168K, committed 129496K, reserved 1161216K
  class space    used 15838K, capacity 17030K, committed 17152K, reserved 1048576K
}

