# JRE version: OpenJDK Runtime Environment (8.0_202-b03) (build 1.8.0_202-release-1483-b03)
# Java VM: OpenJDK 64-Bit Server VM (25.202-b03 mixed mode windows-amd64 compressed oops)
Heap:
 PSYoungGen      total 419328K, used 71774K [0x00000000e0000000, 0x0000000100000000, 0x0000000100000000)
  eden space 350208K, 0% used [0x00000000e0000000,0x00000000e029fae8,0x00000000f5600000)
  from space 69120K, 99% used [0x00000000fbc80000,0x00000000ffff8028,0x0000000100000000)
  to   space 87040K, 0% used [0x00000000f5600000,0x00000000f5600000,0x00000000fab00000)
 ParOldGen       total 269824K, used 191123K [0x00000000a0000000, 0x00000000b0780000, 0x00000000e0000000)
  object space 269824K, 70% used [0x00000000a0000000,0x00000000abaa4ef8,0x00000000b0780000)
 Metaspace       used 102598K, capacity 109654K, committed 110296K, reserved 1144832K
  class space    used 13001K, capacity 14164K, committed 14336K, reserved 1048576K
GC Heap History (10 events):
Event: 4591.820 GC heap before
{Heap before GC invocations=88 (full 5):
 PSYoungGen      total 464384K, used 416112K [0x00000000e0000000, 0x00000000ffc00000, 0x0000000100000000)
  eden space 408064K, 100% used [0x00000000e0000000,0x00000000f8e80000,0x00000000f8e80000)
  from space 56320K, 14% used [0x00000000fc500000,0x00000000fccdc250,0x00000000ffc00000)
  to   space 55808K, 0% used [0x00000000f8e80000,0x00000000f8e80000,0x00000000fc500000)
 ParOldGen       total 269824K, used 117796K [0x00000000a0000000, 0x00000000b0780000, 0x00000000e0000000)
  object space 269824K, 43% used [0x00000000a0000000,0x00000000a7309300,0x00000000b0780000)
 Metaspace       used 101971K, capacity 108888K, committed 109784K, reserved 1144832K
  class space    used 12955K, capacity 14097K, committed 14336K, reserved 1048576K
Event: 4591.836 GC heap after
Heap after GC invocations=88 (full 5):
 PSYoungGen      total 463872K, used 5794K [0x00000000e0000000, 0x00000000ffe80000, 0x0000000100000000)
  eden space 408064K, 0% used [0x00000000e0000000,0x00000000e0000000,0x00000000f8e80000)
  from space 55808K, 10% used [0x00000000f8e80000,0x00000000f9428aa0,0x00000000fc500000)
  to   space 55296K, 0% used [0x00000000fc880000,0x00000000fc880000,0x00000000ffe80000)
 ParOldGen       total 269824K, used 123064K [0x00000000a0000000, 0x00000000b0780000, 0x00000000e0000000)
  object space 269824K, 45% used [0x00000000a0000000,0x00000000a782e310,0x00000000b0780000)
 Metaspace       used 101971K, capacity 108888K, committed 109784K, reserved 1144832K
  class space    used 12955K, capacity 14097K, committed 14336K, reserved 1048576K
}
Event: 4592.313 GC heap before
{Heap before GC invocations=89 (full 5):
 PSYoungGen      total 463872K, used 413858K [0x00000000e0000000, 0x00000000ffe80000, 0x0000000100000000)
  eden space 408064K, 100% used [0x00000000e0000000,0x00000000f8e80000,0x00000000f8e80000)
  from space 55808K, 10% used [0x00000000f8e80000,0x00000000f9428aa0,0x00000000fc500000)
  to   space 55296K, 0% used [0x00000000fc880000,0x00000000fc880000,0x00000000ffe80000)
 ParOldGen       total 269824K, used 123064K [0x00000000a0000000, 0x00000000b0780000, 0x00000000e0000000)
  object space 269824K, 45% used [0x00000000a0000000,0x00000000a782e310,0x00000000b0780000)
 Metaspace       used 101994K, capacity 108888K, committed 109784K, reserved 1144832K
  class space    used 12955K, capacity 14097K, committed 14336K, reserved 1048576K
Event: 4592.324 GC heap after
Heap after GC invocations=89 (full 5):
 PSYoungGen      total 465408K, used 11861K [0x00000000e0000000, 0x00000000ffb80000, 0x0000000100000000)
  eden space 413184K, 0% used [0x00000000e0000000,0x00000000e0000000,0x00000000f9380000)
  from space 52224K, 22% used [0x00000000fc880000,0x00000000fd4157e8,0x00000000ffb80000)
  to   space 53248K, 0% used [0x00000000f9380000,0x00000000f9380000,0x00000000fc780000)
 ParOldGen       total 269824K, used 126392K [0x00000000a0000000, 0x00000000b0780000, 0x00000000e0000000)
  object space 269824K, 46% used [0x00000000a0000000,0x00000000a7b6e320,0x00000000b0780000)
 Metaspace       used 101994K, capacity 108888K, committed 109784K, reserved 1144832K
  class space    used 12955K, capacity 14097K, committed 14336K, reserved 1048576K
}
Event: 4592.827 GC heap before
{Heap before GC invocations=90 (full 5):
 PSYoungGen      total 465408K, used 425045K [0x00000000e0000000, 0x00000000ffb80000, 0x0000000100000000)
  eden space 413184K, 100% used [0x00000000e0000000,0x00000000f9380000,0x00000000f9380000)
  from space 52224K, 22% used [0x00000000fc880000,0x00000000fd4157e8,0x00000000ffb80000)
  to   space 53248K, 0% used [0x00000000f9380000,0x00000000f9380000,0x00000000fc780000)
 ParOldGen       total 269824K, used 126392K [0x00000000a0000000, 0x00000000b0780000, 0x00000000e0000000)
  object space 269824K, 46% used [0x00000000a0000000,0x00000000a7b6e320,0x00000000b0780000)
 Metaspace       used 102005K, capacity 108952K, committed 109784K, reserved 1144832K
  class space    used 12955K, capacity 14097K, committed 14336K, reserved 1048576K
Event: 4592.838 GC heap after
Heap after GC invocations=90 (full 5):
 PSYoungGen      total 466432K, used 7648K [0x00000000e0000000, 0x00000000ffe00000, 0x0000000100000000)
  eden space 413184K, 0% used [0x00000000e0000000,0x00000000e0000000,0x00000000f9380000)
  from space 53248K, 14% used [0x00000000f9380000,0x00000000f9af8020,0x00000000fc780000)
  to   space 51712K, 0% used [0x00000000fcb80000,0x00000000fcb80000,0x00000000ffe00000)
 ParOldGen       total 269824K, used 131172K [0x00000000a0000000, 0x00000000b0780000, 0x00000000e0000000)
  object space 269824K, 48% used [0x00000000a0000000,0x00000000a8019380,0x00000000b0780000)
 Metaspace       used 102005K, capacity 108952K, committed 109784K, reserved 1144832K
  class space    used 12955K, capacity 14097K, committed 14336K, reserved 1048576K
}
Event: 4594.222 GC heap before
{Heap before GC invocations=91 (full 5):
 PSYoungGen      total 466432K, used 420832K [0x00000000e0000000, 0x00000000ffe00000, 0x0000000100000000)
  eden space 413184K, 100% used [0x00000000e0000000,0x00000000f9380000,0x00000000f9380000)
  from space 53248K, 14% used [0x00000000f9380000,0x00000000f9af8020,0x00000000fc780000)
  to   space 51712K, 0% used [0x00000000fcb80000,0x00000000fcb80000,0x00000000ffe00000)
 ParOldGen       total 269824K, used 131172K [0x00000000a0000000, 0x00000000b0780000, 0x00000000e0000000)
  object space 269824K, 48% used [0x00000000a0000000,0x00000000a8019380,0x00000000b0780000)
 Metaspace       used 102106K, capacity 109016K, committed 109784K, reserved 1144832K
  class space    used 12958K, capacity 14097K, committed 14336K, reserved 1048576K
Event: 4594.279 GC heap after
Heap after GC invocations=91 (full 5):
 PSYoungGen      total 435712K, used 51710K [0x00000000e0000000, 0x0000000100000000, 0x0000000100000000)
  eden space 384000K, 0% used [0x00000000e0000000,0x00000000e0000000,0x00000000f7700000)
  from space 51712K, 99% used [0x00000000fcb80000,0x00000000ffdffa48,0x00000000ffe00000)
  to   space 70144K, 0% used [0x00000000f7700000,0x00000000f7700000,0x00000000fbb80000)
 ParOldGen       total 269824K, used 156812K [0x00000000a0000000, 0x00000000b0780000, 0x00000000e0000000)
  object space 269824K, 58% used [0x00000000a0000000,0x00000000a99231f0,0x00000000b0780000)
 Metaspace       used 102106K, capacity 109016K, committed 109784K, reserved 1144832K
  class space    used 12958K, capacity 14097K, committed 14336K, reserved 1048576K
}
Event: 4749.840 GC heap before
{Heap before GC invocations=92 (full 5):
 PSYoungGen      total 435712K, used 435710K [0x00000000e0000000, 0x0000000100000000, 0x0000000100000000)
  eden space 384000K, 100% used [0x00000000e0000000,0x00000000f7700000,0x00000000f7700000)
  from space 51712K, 99% used [0x00000000fcb80000,0x00000000ffdffa48,0x00000000ffe00000)
  to   space 70144K, 0% used [0x00000000f7700000,0x00000000f7700000,0x00000000fbb80000)
 ParOldGen       total 269824K, used 156812K [0x00000000a0000000, 0x00000000b0780000, 0x00000000e0000000)
  object space 269824K, 58% used [0x00000000a0000000,0x00000000a99231f0,0x00000000b0780000)
 Metaspace       used 102532K, capacity 109590K, committed 110296K, reserved 1144832K
  class space    used 12999K, capacity 14164K, committed 14336K, reserved 1048576K
Event: 4749.869 GC heap after
Heap after GC invocations=92 (full 5):
 PSYoungGen      total 454144K, used 4229K [0x00000000e0000000, 0x0000000100000000, 0x0000000100000000)
  eden space 384000K, 0% used [0x00000000e0000000,0x00000000e0000000,0x00000000f7700000)
  from space 70144K, 6% used [0x00000000f7700000,0x00000000f7b21440,0x00000000fbb80000)
  to   space 69120K, 0% used [0x00000000fbc80000,0x00000000fbc80000,0x0000000100000000)
 ParOldGen       total 269824K, used 176259K [0x00000000a0000000, 0x00000000b0780000, 0x00000000e0000000)
  object space 269824K, 65% used [0x00000000a0000000,0x00000000aac20ff8,0x00000000b0780000)
 Metaspace       used 102532K, capacity 109590K, committed 110296K, reserved 1144832K
  class space    used 12999K, capacity 14164K, committed 14336K, reserved 1048576K
}

